0 info it worked if it ends with ok
1 verbose cli [
1 verbose cli   'C:\\Program Files\\nodejs\\node.exe',
1 verbose cli   'C:\\Program Files\\nodejs\\node_modules\\npm\\bin\\npm-cli.js',
1 verbose cli   'i',
1 verbose cli   'gh-pages--save-dev'
1 verbose cli ]
2 info using npm@6.14.11
3 info using node@v14.16.0
4 verbose npm-session 5af66f53bfb8d11a
5 silly install loadCurrentTree
6 silly install readLocalPackageData
7 http fetch GET 404 https://registry.npmjs.org/gh-pages--save-dev 998ms
8 http fetch GET 404 https://registry.npmjs.org/gh-pages--save-dev 854ms
9 silly fetchPackageMetaData error for gh-pages--save-dev@latest 404 Not Found - GET https://registry.npmjs.org/gh-pages--save-dev - Not found
10 timing stage:rollbackFailedOptional Completed in 1ms
11 timing stage:runTopLevelLifecycles Completed in 5758ms
12 verbose stack Error: 404 Not Found - GET https://registry.npmjs.org/gh-pages--save-dev - Not found
12 verbose stack     at C:\Program Files\nodejs\node_modules\npm\node_modules\npm-registry-fetch\check-response.js:117:15
12 verbose stack     at processTicksAndRejections (internal/process/task_queues.js:93:5)
13 verbose statusCode 404
14 verbose pkgid gh-pages--save-dev@latest
15 verbose cwd C:\Users\Victor de flos\Desktop\Complete Redux course with React Hooks\Cont.Book
16 verbose Windows_NT 10.0.21337
17 verbose argv "C:\\Program Files\\nodejs\\node.exe" "C:\\Program Files\\nodejs\\node_modules\\npm\\bin\\npm-cli.js" "i" "gh-pages--save-dev"
18 verbose node v14.16.0
19 verbose npm  v6.14.11
20 error code E404
21 error 404 Not Found - GET https://registry.npmjs.org/gh-pages--save-dev - Not found
22 error 404
23 error 404 'gh-pages--save-dev@latest' is not in the npm registry.
24 error 404 You should bug the author to publish it (or use the name yourself!)
25 error 404 Note that you can also install from a
26 error 404 tarball, folder, http url, or git url.
27 verbose exit [ 1, true ]
