0 info it worked if it ends with ok
1 verbose cli [
1 verbose cli   'C:\\Program Files\\nodejs\\node.exe',
1 verbose cli   'C:\\Program Files\\nodejs\\node_modules\\npm\\bin\\npm-cli.js',
1 verbose cli   'run',
1 verbose cli   'deploy'
1 verbose cli ]
2 info using npm@6.14.11
3 info using node@v14.16.0
4 verbose run-script [ 'predeploy', 'deploy', 'postdeploy' ]
5 info lifecycle contact_book@0.1.0~predeploy: contact_book@0.1.0
6 verbose lifecycle contact_book@0.1.0~predeploy: unsafe-perm in lifecycle true
7 verbose lifecycle contact_book@0.1.0~predeploy: PATH: C:\Program Files\nodejs\node_modules\npm\node_modules\npm-lifecycle\node-gyp-bin;C:\Users\Victor de flos\Desktop\Complete Redux course with React Hooks\Cont.Book\node_modules\.bin;C:\Program Files\Git\mingw64\bin;C:\Program Files\Git\usr\bin;C:\Users\Victor de flos\bin;C:\Python39\Scripts;C:\Python39;C:\Program Files (x86)\Common Files\Intel\Shared Libraries\redist\intel64_win\compiler;C:\WINDOWS\system32;C:\WINDOWS;C:\WINDOWS\System32\Wbem;C:\WINDOWS\System32\WindowsPowerShell\v1.0;C:\WINDOWS\System32\OpenSSH;C:\Program Files\dotnet;C:\ProgramData\chocolatey\bin;C:\Users\Victor de flos\AppData\Roaming\npm;C:\Program Files\nodejs;C:\Program Files\Git\cmd;C:\Program Files\Docker\Docker\resources\bin;C:\ProgramData\DockerDesktop\version-bin;C:\Program Files (x86)\Common Files\Intel\Shared Libraries\redist\intel64_win\compiler;C:\Users\Victor de flos\AppData\Local\Microsoft\WindowsApps;C:\Users\Victor de flos\AppData\Local\Programs\Microsoft VS Code\bin;C:\Program Files\heroku\bin;C:\Users\Victor de flos\Desktop\heroku\bin;C:\Program Files (x86)\GitHub CLI;C:\Users\Victor de flos\AppData\Roaming\npm;C:\Users\Victor de flos\AppData\Local\atom\bin;C:\Users\Victor de flos\AppData\Local\Microsoft\WindowsApps;C:\Program Files\JetBrains\WebStorm 2020.3.2\bin
8 verbose lifecycle contact_book@0.1.0~predeploy: CWD: C:\Users\Victor de flos\Desktop\Complete Redux course with React Hooks\Cont.Book
9 silly lifecycle contact_book@0.1.0~predeploy: Args: [ '/d /s /c', 'npm run build' ]
10 silly lifecycle contact_book@0.1.0~predeploy: Returned: code: 0  signal: null
11 info lifecycle contact_book@0.1.0~deploy: contact_book@0.1.0
12 verbose lifecycle contact_book@0.1.0~deploy: unsafe-perm in lifecycle true
13 verbose lifecycle contact_book@0.1.0~deploy: PATH: C:\Program Files\nodejs\node_modules\npm\node_modules\npm-lifecycle\node-gyp-bin;C:\Users\Victor de flos\Desktop\Complete Redux course with React Hooks\Cont.Book\node_modules\.bin;C:\Program Files\Git\mingw64\bin;C:\Program Files\Git\usr\bin;C:\Users\Victor de flos\bin;C:\Python39\Scripts;C:\Python39;C:\Program Files (x86)\Common Files\Intel\Shared Libraries\redist\intel64_win\compiler;C:\WINDOWS\system32;C:\WINDOWS;C:\WINDOWS\System32\Wbem;C:\WINDOWS\System32\WindowsPowerShell\v1.0;C:\WINDOWS\System32\OpenSSH;C:\Program Files\dotnet;C:\ProgramData\chocolatey\bin;C:\Users\Victor de flos\AppData\Roaming\npm;C:\Program Files\nodejs;C:\Program Files\Git\cmd;C:\Program Files\Docker\Docker\resources\bin;C:\ProgramData\DockerDesktop\version-bin;C:\Program Files (x86)\Common Files\Intel\Shared Libraries\redist\intel64_win\compiler;C:\Users\Victor de flos\AppData\Local\Microsoft\WindowsApps;C:\Users\Victor de flos\AppData\Local\Programs\Microsoft VS Code\bin;C:\Program Files\heroku\bin;C:\Users\Victor de flos\Desktop\heroku\bin;C:\Program Files (x86)\GitHub CLI;C:\Users\Victor de flos\AppData\Roaming\npm;C:\Users\Victor de flos\AppData\Local\atom\bin;C:\Users\Victor de flos\AppData\Local\Microsoft\WindowsApps;C:\Program Files\JetBrains\WebStorm 2020.3.2\bin
14 verbose lifecycle contact_book@0.1.0~deploy: CWD: C:\Users\Victor de flos\Desktop\Complete Redux course with React Hooks\Cont.Book
15 silly lifecycle contact_book@0.1.0~deploy: Args: [ '/d /s /c', 'gh-pages -d build' ]
16 silly lifecycle contact_book@0.1.0~deploy: Returned: code: 1  signal: null
17 info lifecycle contact_book@0.1.0~deploy: Failed to exec deploy script
18 verbose stack Error: contact_book@0.1.0 deploy: `gh-pages -d build`
18 verbose stack Exit status 1
18 verbose stack     at EventEmitter.<anonymous> (C:\Program Files\nodejs\node_modules\npm\node_modules\npm-lifecycle\index.js:332:16)
18 verbose stack     at EventEmitter.emit (events.js:315:20)
18 verbose stack     at ChildProcess.<anonymous> (C:\Program Files\nodejs\node_modules\npm\node_modules\npm-lifecycle\lib\spawn.js:55:14)
18 verbose stack     at ChildProcess.emit (events.js:315:20)
18 verbose stack     at maybeClose (internal/child_process.js:1048:16)
18 verbose stack     at Process.ChildProcess._handle.onexit (internal/child_process.js:288:5)
19 verbose pkgid contact_book@0.1.0
20 verbose cwd C:\Users\Victor de flos\Desktop\Complete Redux course with React Hooks\Cont.Book
21 verbose Windows_NT 10.0.21337
22 verbose argv "C:\\Program Files\\nodejs\\node.exe" "C:\\Program Files\\nodejs\\node_modules\\npm\\bin\\npm-cli.js" "run" "deploy"
23 verbose node v14.16.0
24 verbose npm  v6.14.11
25 error code ELIFECYCLE
26 error errno 1
27 error contact_book@0.1.0 deploy: `gh-pages -d build`
27 error Exit status 1
28 error Failed at the contact_book@0.1.0 deploy script.
28 error This is probably not a problem with npm. There is likely additional logging output above.
29 verbose exit [ 1, true ]
